<?xml version="1.0" encoding="UTF-8"?>
<!-- Generated by org.testng.reporters.JUnitReportReporter -->
<testsuite hostname="seznh6096534" failures="0" tests="1" name="TestRunner" time="12.225" errors="0" timestamp="2020-12-05T14:59:40 IST" skipped="0">
  <testcase classname="TestRunner" name="runScenario" time="12.225"/>
  <system-out/>
</testsuite> <!-- TestRunner -->
