<?xml version="1.0" encoding="UTF-8"?>
<!-- Generated by org.testng.reporters.JUnitReportReporter -->
<testsuite hostname="seznh6096534" failures="0" tests="1" name="TestRunner" time="41.549" errors="0" timestamp="2020-12-03T21:08:10 IST" skipped="0">
  <testcase classname="TestRunner" name="runScenario" time="41.549"/>
  <system-out/>
</testsuite> <!-- TestRunner -->
